<?xml version="1.0" encoding="UTF-8"?>
<!-- Generated by org.testng.reporters.JUnitReportReporter -->
<testsuite hostname="DESKTOP-E04IP3T" failures="0" tests="1" name="tests.LoginTest" time="6.281" errors="0" timestamp="2024-11-28T16:13:13 IST" skipped="0">
  <testcase classname="tests.LoginTest" name="test01" time="6.281"/>
</testsuite> <!-- tests.LoginTest -->
