<?xml version="1.0" encoding="UTF-8"?>
<!-- Generated by org.testng.reporters.JUnitReportReporter -->
<testsuite hostname="DESKTOP-E04IP3T" failures="0" tests="1" name="tests.ViewTest" time="37.008" errors="0" timestamp="2024-12-04T09:01:18 IST" skipped="0">
  <testcase classname="tests.ViewTest" name="viewtest01" time="37.008"/>
</testsuite> <!-- tests.ViewTest -->
